<?xml version="1.0" encoding="UTF-8"?>
<coverage generated="1578990158282" clover="3.2.0">
  <project timestamp="1578990158282" name="All files">
    <metrics statements="33" coveredstatements="27" conditionals="17" coveredconditionals="9" methods="8" coveredmethods="6" elements="58" coveredelements="42" complexity="0" loc="33" ncloc="33" packages="1" files="1" classes="1"/>
    <file name="App.js" path="D:\mobile\projects\CalculatorRn\App.js">
      <metrics statements="33" coveredstatements="27" conditionals="17" coveredconditionals="9" methods="8" coveredmethods="6"/>
      <line num="7" count="8" type="stmt"/>
      <line num="8" count="8" type="stmt"/>
      <line num="12" count="8" type="stmt"/>
      <line num="16" count="2" type="stmt"/>
      <line num="17" count="2" type="stmt"/>
      <line num="23" count="2" type="stmt"/>
      <line num="24" count="2" type="cond" truecount="0" falsecount="4"/>
      <line num="29" count="0" type="stmt"/>
      <line num="31" count="2" type="stmt"/>
      <line num="35" count="1" type="cond" truecount="1" falsecount="1"/>
      <line num="36" count="1" type="cond" truecount="2" falsecount="0"/>
      <line num="38" count="0" type="stmt"/>
      <line num="44" count="1" type="cond" truecount="4" falsecount="1"/>
      <line num="46" count="0" type="stmt"/>
      <line num="47" count="0" type="stmt"/>
      <line num="51" count="0" type="stmt"/>
      <line num="56" count="1" type="stmt"/>
      <line num="58" count="1" type="cond" truecount="1" falsecount="1"/>
      <line num="60" count="1" type="cond" truecount="1" falsecount="1"/>
      <line num="61" count="1" type="stmt"/>
      <line num="63" count="0" type="stmt"/>
      <line num="70" count="10" type="stmt"/>
      <line num="71" count="10" type="stmt"/>
      <line num="72" count="10" type="stmt"/>
      <line num="73" count="40" type="stmt"/>
      <line num="74" count="40" type="stmt"/>
      <line num="75" count="120" type="stmt"/>
      <line num="79" count="40" type="stmt"/>
      <line num="82" count="10" type="stmt"/>
      <line num="83" count="10" type="stmt"/>
      <line num="84" count="50" type="stmt"/>
      <line num="89" count="10" type="stmt"/>
      <line num="111" count="1" type="stmt"/>
    </file>
  </project>
</coverage>
