{"D:\\mobile\\projects\\CalculatorRn\\App.js": {"path":"D:\\mobile\\projects\\CalculatorRn\\App.js","statementMap":{"0":{"start":{"line":7,"column":4},"end":{"line":7,"column":12}},"1":{"start":{"line":8,"column":4},"end":{"line":11,"column":6}},"2":{"start":{"line":12,"column":4},"end":{"line":12,"column":49}},"3":{"start":{"line":16,"column":17},"end":{"line":16,"column":38}},"4":{"start":{"line":17,"column":4},"end":{"line":19,"column":6}},"5":{"start":{"line":23,"column":17},"end":{"line":23,"column":38}},"6":{"start":{"line":24,"column":4},"end":{"line":30,"column":5}},"7":{"start":{"line":29,"column":8},"end":{"line":29,"column":20}},"8":{"start":{"line":31,"column":4},"end":{"line":31,"column":15}},"9":{"start":{"line":35,"column":4},"end":{"line":37,"column":5}},"10":{"start":{"line":36,"column":6},"end":{"line":36,"column":54}},"11":{"start":{"line":38,"column":4},"end":{"line":40,"column":6}},"12":{"start":{"line":44,"column":4},"end":{"line":66,"column":5}},"13":{"start":{"line":46,"column":19},"end":{"line":46,"column":21}},"14":{"start":{"line":47,"column":8},"end":{"line":50,"column":10}},"15":{"start":{"line":51,"column":8},"end":{"line":51,"column":13}},"16":{"start":{"line":56,"column":25},"end":{"line":56,"column":62}},"17":{"start":{"line":58,"column":8},"end":{"line":58,"column":57}},"18":{"start":{"line":58,"column":51},"end":{"line":58,"column":57}},"19":{"start":{"line":60,"column":8},"end":{"line":62,"column":9}},"20":{"start":{"line":61,"column":10},"end":{"line":61,"column":16}},"21":{"start":{"line":63,"column":8},"end":{"line":65,"column":10}},"22":{"start":{"line":70,"column":15},"end":{"line":70,"column":17}},"23":{"start":{"line":71,"column":15},"end":{"line":71,"column":63}},"24":{"start":{"line":72,"column":4},"end":{"line":80,"column":5}},"25":{"start":{"line":72,"column":17},"end":{"line":72,"column":18}},"26":{"start":{"line":73,"column":16},"end":{"line":73,"column":18}},"27":{"start":{"line":74,"column":6},"end":{"line":78,"column":7}},"28":{"start":{"line":74,"column":19},"end":{"line":74,"column":20}},"29":{"start":{"line":75,"column":8},"end":{"line":77,"column":29}},"30":{"start":{"line":75,"column":86},"end":{"line":75,"column":113}},"31":{"start":{"line":79,"column":6},"end":{"line":79,"column":63}},"32":{"start":{"line":82,"column":14},"end":{"line":82,"column":16}},"33":{"start":{"line":83,"column":4},"end":{"line":87,"column":5}},"34":{"start":{"line":83,"column":17},"end":{"line":83,"column":18}},"35":{"start":{"line":84,"column":6},"end":{"line":86,"column":26}},"36":{"start":{"line":84,"column":92},"end":{"line":84,"column":127}},"37":{"start":{"line":89,"column":4},"end":{"line":106,"column":6}},"38":{"start":{"line":111,"column":15},"end":{"line":168,"column":2}}},"fnMap":{"0":{"name":"(anonymous_0)","decl":{"start":{"line":6,"column":2},"end":{"line":6,"column":3}},"loc":{"start":{"line":6,"column":16},"end":{"line":13,"column":3}},"line":6},"1":{"name":"(anonymous_1)","decl":{"start":{"line":15,"column":2},"end":{"line":15,"column":3}},"loc":{"start":{"line":15,"column":20},"end":{"line":20,"column":3}},"line":15},"2":{"name":"(anonymous_2)","decl":{"start":{"line":22,"column":2},"end":{"line":22,"column":3}},"loc":{"start":{"line":22,"column":13},"end":{"line":32,"column":3}},"line":22},"3":{"name":"(anonymous_3)","decl":{"start":{"line":34,"column":2},"end":{"line":34,"column":3}},"loc":{"start":{"line":34,"column":19},"end":{"line":41,"column":3}},"line":34},"4":{"name":"(anonymous_4)","decl":{"start":{"line":43,"column":2},"end":{"line":43,"column":3}},"loc":{"start":{"line":43,"column":24},"end":{"line":67,"column":3}},"line":43},"5":{"name":"(anonymous_5)","decl":{"start":{"line":69,"column":2},"end":{"line":69,"column":3}},"loc":{"start":{"line":69,"column":11},"end":{"line":107,"column":3}},"line":69},"6":{"name":"(anonymous_6)","decl":{"start":{"line":75,"column":80},"end":{"line":75,"column":81}},"loc":{"start":{"line":75,"column":86},"end":{"line":75,"column":113}},"line":75},"7":{"name":"(anonymous_7)","decl":{"start":{"line":84,"column":86},"end":{"line":84,"column":87}},"loc":{"start":{"line":84,"column":92},"end":{"line":84,"column":127}},"line":84}},"branchMap":{"0":{"loc":{"start":{"line":24,"column":4},"end":{"line":30,"column":5}},"type":"switch","locations":[{"start":{"line":25,"column":6},"end":{"line":25,"column":15}},{"start":{"line":26,"column":6},"end":{"line":26,"column":15}},{"start":{"line":27,"column":6},"end":{"line":27,"column":15}},{"start":{"line":28,"column":6},"end":{"line":29,"column":20}}],"line":24},"1":{"loc":{"start":{"line":35,"column":4},"end":{"line":37,"column":5}},"type":"if","locations":[{"start":{"line":35,"column":4},"end":{"line":37,"column":5}},{"start":{"line":35,"column":4},"end":{"line":37,"column":5}}],"line":35},"2":{"loc":{"start":{"line":36,"column":13},"end":{"line":36,"column":54}},"type":"binary-expr","locations":[{"start":{"line":36,"column":13},"end":{"line":36,"column":28}},{"start":{"line":36,"column":32},"end":{"line":36,"column":54}}],"line":36},"3":{"loc":{"start":{"line":44,"column":4},"end":{"line":66,"column":5}},"type":"switch","locations":[{"start":{"line":45,"column":6},"end":{"line":51,"column":13}},{"start":{"line":52,"column":6},"end":{"line":52,"column":15}},{"start":{"line":53,"column":6},"end":{"line":53,"column":15}},{"start":{"line":54,"column":6},"end":{"line":54,"column":15}},{"start":{"line":55,"column":6},"end":{"line":65,"column":10}}],"line":44},"4":{"loc":{"start":{"line":58,"column":8},"end":{"line":58,"column":57}},"type":"if","locations":[{"start":{"line":58,"column":8},"end":{"line":58,"column":57}},{"start":{"line":58,"column":8},"end":{"line":58,"column":57}}],"line":58},"5":{"loc":{"start":{"line":60,"column":8},"end":{"line":62,"column":9}},"type":"if","locations":[{"start":{"line":60,"column":8},"end":{"line":62,"column":9}},{"start":{"line":60,"column":8},"end":{"line":62,"column":9}}],"line":60}},"s":{"0":8,"1":8,"2":8,"3":2,"4":2,"5":2,"6":2,"7":0,"8":2,"9":1,"10":1,"11":0,"12":1,"13":0,"14":0,"15":0,"16":1,"17":1,"18":0,"19":1,"20":1,"21":0,"22":10,"23":10,"24":10,"25":10,"26":40,"27":40,"28":40,"29":120,"30":0,"31":40,"32":10,"33":10,"34":10,"35":50,"36":0,"37":10,"38":1},"f":{"0":8,"1":2,"2":2,"3":1,"4":1,"5":10,"6":0,"7":0},"b":{"0":[0,0,0,0],"1":[1,0],"2":[1,1],"3":[0,1,1,1,1],"4":[0,1],"5":[1,0]},"_coverageSchema":"43e27e138ebf9cfc5966b082cf9a028302ed4184","hash":"f46d4bc37862317888580be7a4ad50646e7aa741"}
}
