TN:
SF:D:\mobile\projects\CalculatorRn\App.js
FN:6,(anonymous_0)
FN:15,(anonymous_1)
FN:22,(anonymous_2)
FN:34,(anonymous_3)
FN:43,(anonymous_4)
FN:69,(anonymous_5)
FN:75,(anonymous_6)
FN:84,(anonymous_7)
FNF:8
FNH:6
FNDA:8,(anonymous_0)
FNDA:2,(anonymous_1)
FNDA:2,(anonymous_2)
FNDA:1,(anonymous_3)
FNDA:1,(anonymous_4)
FNDA:10,(anonymous_5)
FNDA:0,(anonymous_6)
FNDA:0,(anonymous_7)
DA:7,8
DA:8,8
DA:12,8
DA:16,2
DA:17,2
DA:23,2
DA:24,2
DA:29,0
DA:31,2
DA:35,1
DA:36,1
DA:38,0
DA:44,1
DA:46,0
DA:47,0
DA:51,0
DA:56,1
DA:58,1
DA:60,1
DA:61,1
DA:63,0
DA:70,10
DA:71,10
DA:72,10
DA:73,40
DA:74,40
DA:75,120
DA:79,40
DA:82,10
DA:83,10
DA:84,50
DA:89,10
DA:111,1
LF:33
LH:27
BRDA:24,0,0,0
BRDA:24,0,1,0
BRDA:24,0,2,0
BRDA:24,0,3,0
BRDA:35,1,0,1
BRDA:35,1,1,0
BRDA:36,2,0,1
BRDA:36,2,1,1
BRDA:44,3,0,0
BRDA:44,3,1,1
BRDA:44,3,2,1
BRDA:44,3,3,1
BRDA:44,3,4,1
BRDA:58,4,0,0
BRDA:58,4,1,1
BRDA:60,5,0,1
BRDA:60,5,1,0
BRF:17
BRH:9
end_of_record
